+ wmake libso fluidSolidInteraction
'/home/khw32/foam/khw32-4.0/lib/linux64GccDPOpt/libfluidSolidInteraction.so' is up to date.
+ wmake solvers/fsiFoam
g++ -m64 -Dlinux64 -DWM_DP -Wno-deprecated -Wall -Wextra -Wno-unused-parameter -Wnon-virtual-dtor -Wunused-local-typedefs -Werror -Wredundant-decls -Wcast-align -Wmissing-declarations  -Wswitch-enum -Winvalid-pch -Wredundant-decls -Wformat=2 -Wmissing-format-attribute -Wformat-nonliteral -O3  -DNoRepository -ftemplate-depth-200 -std=c++11     -I../../fluidSolidInteraction/lnInclude     -I../../ThirdParty/eigen3     -I/home/khw32/foam/foam-extend-4.0/src/finiteVolume/lnInclude     -I/home/khw32/foam/foam-extend-4.0/src/dynamicMesh/dynamicFvMesh/lnInclude     -I/home/khw32/foam/foam-extend-4.0/src/meshTools/lnInclude     -I/home/khw32/foam/foam-extend-4.0/src/tetFiniteElement/lnInclude -IlnInclude -I. -I/home/khw32/foam/foam-extend-4.0/src/foam/lnInclude -I/home/khw32/foam/foam-extend-4.0/src/OSspecific/POSIX/lnInclude   -fPIC -Xlinker --add-needed -Xlinker --no-as-needed Make/linux64GccDPOpt/fsiFoam.o -L/home/khw32/foam/foam-extend-4.0/lib/linux64GccDPOpt \
     -lfiniteVolume     -linterfaceProperties     -lincompressibleTurbulenceModel     -lincompressibleRASModels     -lincompressibleLESModels     -lincompressibleTransportModels     -ldynamicFvMesh     -ldynamicMesh     -lmeshTools     -L/home/khw32/foam/khw32-4.0/lib/linux64GccDPOpt     -lfluidSolidInteraction  -lfoam -ldl   -lrt -lm -o /home/khw32/foam/khw32-4.0/applications/bin/linux64GccDPOpt/fsiFoam
+ wmake solvers/fsiRK4Foam
make: '/home/khw32/foam/khw32-4.0/applications/bin/linux64GccDPOpt/fsiRK4Foam' is up to date.
+ wmake solvers/myfsiFoam
g++ -m64 -Dlinux64 -DWM_DP -Wno-deprecated -Wall -Wextra -Wno-unused-parameter -Wnon-virtual-dtor -Wunused-local-typedefs -Werror -Wredundant-decls -Wcast-align -Wmissing-declarations  -Wswitch-enum -Winvalid-pch -Wredundant-decls -Wformat=2 -Wmissing-format-attribute -Wformat-nonliteral -O3  -DNoRepository -ftemplate-depth-200 -std=c++11     -I../../fluidSolidInteraction/lnInclude     -I../../ThirdParty/eigen3     -I/home/khw32/foam/foam-extend-4.0/src/finiteVolume/lnInclude     -I/home/khw32/foam/foam-extend-4.0/src/dynamicMesh/dynamicFvMesh/lnInclude     -I/home/khw32/foam/foam-extend-4.0/src/meshTools/lnInclude     -I/home/khw32/foam/foam-extend-4.0/src/tetFiniteElement/lnInclude -IlnInclude -I. -I/home/khw32/foam/foam-extend-4.0/src/foam/lnInclude -I/home/khw32/foam/foam-extend-4.0/src/OSspecific/POSIX/lnInclude   -fPIC -Xlinker --add-needed -Xlinker --no-as-needed Make/linux64GccDPOpt/myfsiFoam.o -L/home/khw32/foam/foam-extend-4.0/lib/linux64GccDPOpt \
     -lfiniteVolume     -linterfaceProperties     -lincompressibleTurbulenceModel     -lincompressibleRASModels     -lincompressibleLESModels     -lincompressibleTransportModels     -ldynamicFvMesh     -ldynamicMesh     -lmeshTools     -L/home/khw32/foam/khw32-4.0/lib/linux64GccDPOpt     -lfluidSolidInteraction  -lfoam -ldl   -lrt -lm -o /home/khw32/foam/khw32-4.0/applications/bin/linux64GccDPOpt/myfsiFoam
+ wmake solvers/ampFsiFoam
g++ -m64 -Dlinux64 -DWM_DP -Wno-deprecated -Wall -Wextra -Wno-unused-parameter -Wnon-virtual-dtor -Wunused-local-typedefs -Werror -Wredundant-decls -Wcast-align -Wmissing-declarations  -Wswitch-enum -Winvalid-pch -Wredundant-decls -Wformat=2 -Wmissing-format-attribute -Wformat-nonliteral -O3  -DNoRepository -ftemplate-depth-200 -std=c++11     -I../../fluidSolidInteraction/lnInclude     -I../../ThirdParty/eigen3     -I/home/khw32/foam/foam-extend-4.0/src/finiteVolume/lnInclude     -I/home/khw32/foam/foam-extend-4.0/src/dynamicMesh/dynamicFvMesh/lnInclude -IlnInclude -I. -I/home/khw32/foam/foam-extend-4.0/src/foam/lnInclude -I/home/khw32/foam/foam-extend-4.0/src/OSspecific/POSIX/lnInclude   -fPIC -Xlinker --add-needed -Xlinker --no-as-needed Make/linux64GccDPOpt/ampFsiFoam.o -L/home/khw32/foam/foam-extend-4.0/lib/linux64GccDPOpt \
     -lfiniteVolume     -ldynamicFvMesh     -ldynamicMesh     -lincompressibleTransportModels     -lincompressibleTurbulenceModel     -L/home/khw32/foam/khw32-4.0/lib/linux64GccDPOpt     -lfluidSolidInteraction -lfoam -ldl   -lrt -lm -o /home/khw32/foam/khw32-4.0/applications/bin/linux64GccDPOpt/ampFsiFoam
/home/khw32/foam/khw32-4.0/lib/linux64GccDPOpt/libfluidSolidInteraction.so: undefined reference to `Foam::interfaceProperties::calculateK()'
/home/khw32/foam/khw32-4.0/lib/linux64GccDPOpt/libfluidSolidInteraction.so: undefined reference to `Foam::interfaceProperties::interfaceProperties(Foam::GeometricField<double, Foam::fvPatchField, Foam::volMesh> const&, Foam::GeometricField<Foam::Vector<double>, Foam::fvPatchField, Foam::volMesh> const&, Foam::IOdictionary const&)'
collect2: error: ld returned 1 exit status
/home/khw32/foam/foam-extend-4.0/wmake/Makefile:159: recipe for target '/home/khw32/foam/khw32-4.0/applications/bin/linux64GccDPOpt/ampFsiFoam' failed
make: *** [/home/khw32/foam/khw32-4.0/applications/bin/linux64GccDPOpt/ampFsiFoam] Error 1
+ wmake solvers/weakFsiFoam
g++ -m64 -Dlinux64 -DWM_DP -Wno-deprecated -Wall -Wextra -Wno-unused-parameter -Wnon-virtual-dtor -Wunused-local-typedefs -Werror -Wredundant-decls -Wcast-align -Wmissing-declarations  -Wswitch-enum -Winvalid-pch -Wredundant-decls -Wformat=2 -Wmissing-format-attribute -Wformat-nonliteral -O3  -DNoRepository -ftemplate-depth-200 -std=c++11     -I../../fluidSolidInteraction/lnInclude     -I../../ThirdParty/eigen3     -I/home/khw32/foam/foam-extend-4.0/src/finiteVolume/lnInclude     -I/home/khw32/foam/foam-extend-4.0/src/dynamicMesh/dynamicFvMesh/lnInclude     -I/home/khw32/foam/foam-extend-4.0/src/lagrangian/basic/lnInclude     -I/home/khw32/foam/foam-extend-4.0/src/meshTools/lnInclude     -I/home/khw32/foam/foam-extend-4.0/src/tetFiniteElement/lnInclude -IlnInclude -I. -I/home/khw32/foam/foam-extend-4.0/src/foam/lnInclude -I/home/khw32/foam/foam-extend-4.0/src/OSspecific/POSIX/lnInclude   -fPIC -Xlinker --add-needed -Xlinker --no-as-needed Make/linux64GccDPOpt/weakFsiFoam.o -L/home/khw32/foam/foam-extend-4.0/lib/linux64GccDPOpt \
     -lfiniteVolume     -lincompressibleTurbulenceModel     -lincompressibleRASModels     -lincompressibleLESModels     -lincompressibleTransportModels     -ldynamicFvMesh     -ldynamicMesh     -lmeshTools     -L/home/khw32/foam/khw32-4.0/lib/linux64GccDPOpt     -lfluidSolidInteraction -lfoam -ldl   -lrt -lm -o /home/khw32/foam/khw32-4.0/applications/bin/linux64GccDPOpt/weakFsiFoam
/home/khw32/foam/khw32-4.0/lib/linux64GccDPOpt/libfluidSolidInteraction.so: undefined reference to `Foam::interfaceProperties::calculateK()'
/home/khw32/foam/khw32-4.0/lib/linux64GccDPOpt/libfluidSolidInteraction.so: undefined reference to `Foam::interfaceProperties::interfaceProperties(Foam::GeometricField<double, Foam::fvPatchField, Foam::volMesh> const&, Foam::GeometricField<Foam::Vector<double>, Foam::fvPatchField, Foam::volMesh> const&, Foam::IOdictionary const&)'
collect2: error: ld returned 1 exit status
/home/khw32/foam/foam-extend-4.0/wmake/Makefile:159: recipe for target '/home/khw32/foam/khw32-4.0/applications/bin/linux64GccDPOpt/weakFsiFoam' failed
make: *** [/home/khw32/foam/khw32-4.0/applications/bin/linux64GccDPOpt/weakFsiFoam] Error 1
+ wmake solvers/fluidFoam
g++ -m64 -Dlinux64 -DWM_DP -Wall -Wextra -Wno-unused-parameter -Wold-style-cast -Wnon-virtual-dtor -O3  -DNoRepository -ftemplate-depth-200 -I../../fluidSolidInteraction/lnInclude     -I/home/khw32/foam/foam-extend-4.0/src/finiteVolume/lnInclude     -I/home/khw32/foam/foam-extend-4.0/src/dynamicMesh/dynamicFvMesh/lnInclude     -I/home/khw32/foam/foam-extend-4.0/src/finiteArea/lnInclude     -I/home/khw32/foam/foam-extend-4.0/src/lagrangian/basic/lnInclude     -I/home/khw32/foam/foam-extend-4.0/src/meshTools/lnInclude     -I/home/khw32/foam/foam-extend-4.0/src/tetFiniteElement/lnInclude -IlnInclude -I. -I/home/khw32/foam/foam-extend-4.0/src/foam/lnInclude -I/home/khw32/foam/foam-extend-4.0/src/OSspecific/POSIX/lnInclude   -fPIC -Xlinker --add-needed -Xlinker --no-as-needed Make/linux64GccDPOpt/fluidFoam.o -L/home/khw32/foam/foam-extend-4.0/lib/linux64GccDPOpt \
     -lfiniteVolume     -linterfaceProperties     -lincompressibleTurbulenceModel     -lincompressibleRASModels     -lincompressibleLESModels     -lincompressibleTransportModels     -ldynamicFvMesh     -ldynamicMesh     -lmeshTools     -L/home/khw32/foam/khw32-4.0/lib/linux64GccDPOpt     -lfluidSolidInteraction -lfoam -ldl   -lrt -lm -o /home/khw32/foam/khw32-4.0/applications/bin/linux64GccDPOpt/fluidFoam
+ wmake solvers/solidFoam
g++ -m64 -Dlinux64 -DWM_DP -Wall -Wextra -Wno-unused-parameter -Wold-style-cast -Wnon-virtual-dtor -O3  -DNoRepository -ftemplate-depth-200 -I../../fluidSolidInteraction/lnInclude     -I/home/khw32/foam/foam-extend-4.0/src/finiteVolume/lnInclude     -I/home/khw32/foam/foam-extend-4.0/src/dynamicMesh/dynamicFvMesh/lnInclude     -I/home/khw32/foam/foam-extend-4.0/src/lagrangian/basic/lnInclude     -I/home/khw32/foam/foam-extend-4.0/src/meshTools/lnInclude     -I/home/khw32/foam/foam-extend-4.0/src/tetFiniteElement/lnInclude -IlnInclude -I. -I/home/khw32/foam/foam-extend-4.0/src/foam/lnInclude -I/home/khw32/foam/foam-extend-4.0/src/OSspecific/POSIX/lnInclude   -fPIC -Xlinker --add-needed -Xlinker --no-as-needed Make/linux64GccDPOpt/solidFoam.o -L/home/khw32/foam/foam-extend-4.0/lib/linux64GccDPOpt \
     -lfiniteVolume     -lincompressibleTurbulenceModel     -lincompressibleRASModels     -lincompressibleLESModels     -lincompressibleTransportModels     -ldynamicFvMesh     -ldynamicMesh     -lmeshTools     -L/home/khw32/foam/khw32-4.0/lib/linux64GccDPOpt     -lfluidSolidInteraction -lfoam -ldl   -lrt -lm -o /home/khw32/foam/khw32-4.0/applications/bin/linux64GccDPOpt/solidFoam
/home/khw32/foam/khw32-4.0/lib/linux64GccDPOpt/libfluidSolidInteraction.so: undefined reference to `Foam::interfaceProperties::calculateK()'
/home/khw32/foam/khw32-4.0/lib/linux64GccDPOpt/libfluidSolidInteraction.so: undefined reference to `Foam::interfaceProperties::interfaceProperties(Foam::GeometricField<double, Foam::fvPatchField, Foam::volMesh> const&, Foam::GeometricField<Foam::Vector<double>, Foam::fvPatchField, Foam::volMesh> const&, Foam::IOdictionary const&)'
collect2: error: ld returned 1 exit status
/home/khw32/foam/foam-extend-4.0/wmake/Makefile:159: recipe for target '/home/khw32/foam/khw32-4.0/applications/bin/linux64GccDPOpt/solidFoam' failed
make: *** [/home/khw32/foam/khw32-4.0/applications/bin/linux64GccDPOpt/solidFoam] Error 1
+ wmake solvers/thermalSolidFoam
g++ -m64 -Dlinux64 -DWM_DP -Wall -Wextra -Wno-unused-parameter -Wold-style-cast -Wnon-virtual-dtor -O3  -DNoRepository -ftemplate-depth-200 -I../../fluidSolidInteraction/lnInclude     -I/home/khw32/foam/foam-extend-4.0/src/finiteVolume/lnInclude     -I/home/khw32/foam/foam-extend-4.0/src/dynamicMesh/dynamicFvMesh/lnInclude     -I/home/khw32/foam/foam-extend-4.0/src/finiteArea/lnInclude     -I/home/khw32/foam/foam-extend-4.0/src/lagrangian/basic/lnInclude     -I/home/khw32/foam/foam-extend-4.0/src/meshTools/lnInclude     -I/home/khw32/foam/foam-extend-4.0/src/tetFiniteElement/lnInclude -IlnInclude -I. -I/home/khw32/foam/foam-extend-4.0/src/foam/lnInclude -I/home/khw32/foam/foam-extend-4.0/src/OSspecific/POSIX/lnInclude   -fPIC -Xlinker --add-needed -Xlinker --no-as-needed Make/linux64GccDPOpt/thermalSolidFoam.o -L/home/khw32/foam/foam-extend-4.0/lib/linux64GccDPOpt \
     -lfiniteVolume     -lincompressibleTurbulenceModel     -lincompressibleRASModels     -lincompressibleLESModels     -lincompressibleTransportModels     -ldynamicFvMesh     -ldynamicMesh     -lmeshTools     -L/home/khw32/foam/khw32-4.0/lib/linux64GccDPOpt     -lfluidSolidInteraction -lfoam -ldl   -lrt -lm -o /home/khw32/foam/khw32-4.0/applications/bin/linux64GccDPOpt/thermalSolidFoam
/home/khw32/foam/khw32-4.0/lib/linux64GccDPOpt/libfluidSolidInteraction.so: undefined reference to `Foam::interfaceProperties::calculateK()'
/home/khw32/foam/khw32-4.0/lib/linux64GccDPOpt/libfluidSolidInteraction.so: undefined reference to `Foam::interfaceProperties::interfaceProperties(Foam::GeometricField<double, Foam::fvPatchField, Foam::volMesh> const&, Foam::GeometricField<Foam::Vector<double>, Foam::fvPatchField, Foam::volMesh> const&, Foam::IOdictionary const&)'
collect2: error: ld returned 1 exit status
/home/khw32/foam/foam-extend-4.0/wmake/Makefile:159: recipe for target '/home/khw32/foam/khw32-4.0/applications/bin/linux64GccDPOpt/thermalSolidFoam' failed
make: *** [/home/khw32/foam/khw32-4.0/applications/bin/linux64GccDPOpt/thermalSolidFoam] Error 1
+ wmake libso utilities/functionObjects/pointHistory
'/home/khw32/foam/khw32-4.0/lib/linux64GccDPOpt/libpointHistory.so' is up to date.
+ wmake libso utilities/functionObjects/patchAvgTractionHistory
'/home/khw32/foam/khw32-4.0/lib/linux64GccDPOpt/libpatchAvgTractionHistory.so' is up to date.
+ wmake libso utilities/functionObjects/centrifugalBodyForce
'/home/khw32/foam/khw32-4.0/lib/linux64GccDPOpt/libcentrifugalBodyForce.so' is up to date.
